<?xml version="1.0" encoding="UTF-8"?>
<!-- Generated by org.testng.reporters.JUnitReportReporter -->
<testsuite hostname="JCS" failures="0" tests="3" name="AdvanceTestNG.Grouping" time="0.013" errors="0" timestamp="2023-11-07T18:04:29 IST" skipped="0">
  <testcase classname="AdvanceTestNG.Grouping" name="testCaseThree" time="0.002"/>
  <system-out/>
  <testcase classname="AdvanceTestNG.Grouping" name="testCaseFive" time="0.009"/>
  <system-out/>
  <testcase classname="AdvanceTestNG.Grouping" name="testCaseTwo" time="0.002"/>
  <system-out/>
</testsuite> <!-- AdvanceTestNG.Grouping -->
