<?xml version="1.0" encoding="UTF-8"?>
<!-- Generated by org.testng.reporters.JUnitReportReporter -->
<testsuite hostname="JCS" failures="0" tests="1" name="DataDrivenTesting.vTiger_Login" time="23.252" errors="0" timestamp="2023-11-08T13:59:52 IST" skipped="0">
  <testcase classname="DataDrivenTesting.vTiger_Login" name="Login" time="23.252"/>
  <system-out/>
</testsuite> <!-- DataDrivenTesting.vTiger_Login -->
