<?xml version="1.0" encoding="UTF-8"?>
<!-- Generated by org.testng.reporters.JUnitReportReporter -->
<testsuite hostname="JCS" failures="0" tests="7" name="TestNG.SwagLabShopping" time="2.061" errors="0" timestamp="2023-11-14T08:56:58 IST" skipped="0">
  <testcase classname="TestNG.SwagLabShopping" name="Login" time="0.408"/>
  <testcase classname="TestNG.SwagLabShopping" name="SelectProduct" time="0.086"/>
  <testcase classname="TestNG.SwagLabShopping" name="AddProduct" time="0.186"/>
  <testcase classname="TestNG.SwagLabShopping" name="CheckOutPage" time="0.082"/>
  <testcase classname="TestNG.SwagLabShopping" name="CheckOutOverviewPage" time="0.475"/>
  <testcase classname="TestNG.SwagLabShopping" name="BackToProducts" time="0.076"/>
  <testcase classname="TestNG.SwagLabShopping" name="Logout" time="0.748"/>
</testsuite> <!-- TestNG.SwagLabShopping -->
