<?xml version="1.0" encoding="UTF-8"?>
<!-- Generated by org.testng.reporters.JUnitReportReporter -->
<testsuite hostname="JCS" failures="0" tests="6" name="TestNG.vTiger_Creation" time="44.992" errors="0" timestamp="2023-11-08T10:17:23 IST" skipped="0">
  <testcase classname="TestNG.vTiger_Creation" name="Login" time="6.541"/>
  <system-out/>
  <testcase classname="TestNG.vTiger_Creation" name="appNavigator" time="6.807"/>
  <system-out/>
  <testcase classname="TestNG.vTiger_Creation" name="CreateContact" time="5.927"/>
  <system-out/>
  <testcase classname="TestNG.vTiger_Creation" name="ContactEdit" time="4.460"/>
  <system-out/>
  <testcase classname="TestNG.vTiger_Creation" name="Delete" time="4.435"/>
  <system-out/>
  <testcase classname="TestNG.vTiger_Creation" name="Close" time="16.822"/>
  <system-out/>
</testsuite> <!-- TestNG.vTiger_Creation -->
