<?xml version="1.0" encoding="UTF-8"?>
<!-- Generated by org.testng.reporters.JUnitReportReporter -->
<testsuite hostname="JCS" failures="0" tests="1" name="DataDrivenTesting.Example1" time="0.514" errors="0" timestamp="2023-11-04T00:50:38 IST" skipped="0">
  <testcase classname="DataDrivenTesting.Example1" name="excelOps" time="0.514"/>
  <system-out/>
</testsuite> <!-- DataDrivenTesting.Example1 -->
