<?xml version="1.0" encoding="UTF-8"?>
<!-- Generated by org.testng.reporters.JUnitReportReporter -->
<testsuite hostname="JCS" failures="0" tests="1" name="DataDrivenTesting.OrangeHRM_ValidCredentials" time="7.608" errors="0" timestamp="2023-11-08T15:09:28 IST" skipped="0">
  <testcase classname="DataDrivenTesting.OrangeHRM_ValidCredentials" name="Login" time="7.608"/>
  <system-out/>
</testsuite> <!-- DataDrivenTesting.OrangeHRM_ValidCredentials -->
