<?xml version="1.0" encoding="UTF-8"?>
<!-- Generated by org.testng.reporters.JUnitReportReporter -->
<testsuite hostname="JCS" failures="0" tests="4" name="TestNG.vTiger" time="3.296" errors="0" timestamp="2023-10-27T10:33:51 IST" skipped="0">
  <testcase classname="TestNG.vTiger" name="UserName" time="0.216"/>
  <system-out/>
  <testcase classname="TestNG.vTiger" name="Password" time="0.135"/>
  <system-out/>
  <testcase classname="TestNG.vTiger" name="LoginButton" time="0.043"/>
  <system-out/>
  <testcase classname="TestNG.vTiger" name="HomePage" time="2.902"/>
  <system-out/>
</testsuite> <!-- TestNG.vTiger -->
